<?xml version="1.0" encoding="UTF-8"?>
<!-- Generated by org.testng.reporters.JUnitXMLReporter -->
<testsuite ignored="3" hostname="varunas-air.lan" failures="0" tests="1" name="Default test" time="0.032" errors="0" timestamp="08 Mar 2022 03:03:10 GMT">
  <testcase classname="com.securion.tests.RetirementCalculatorTest" name="@BeforeTest beforeTest" time="0.0">
    <failure type="org.testng.TestNGException" message="
Parameter &amp;apos;BrowserName&amp;apos; is required by BeforeTest on method beforeTest but has not been marked @Optional or defined
in /private/var/folders/xr/f7m8_2zn505btxqr_lg9bp1c0000gn/T/testng-eclipse-1034177091/testng-customsuite.xml">
      <![CDATA[org.testng.TestNGException: 
Parameter 'BrowserName' is required by BeforeTest on method beforeTest but has not been marked @Optional or defined
in /private/var/folders/xr/f7m8_2zn505btxqr_lg9bp1c0000gn/T/testng-eclipse-1034177091/testng-customsuite.xml
	at org.testng.internal.Parameters.createParameters(Parameters.java:199)
	at org.testng.internal.Parameters.createParameters(Parameters.java:443)
	at org.testng.internal.Parameters.createConfigurationParameters(Parameters.java:118)
	at org.testng.internal.Invoker.invokeConfigurations(Invoker.java:203)
	at org.testng.internal.Invoker.invokeConfigurations(Invoker.java:144)
	at org.testng.TestRunner.beforeRun(TestRunner.java:634)
	at org.testng.TestRunner.run(TestRunner.java:602)
	at org.testng.SuiteRunner.runTest(SuiteRunner.java:387)
	at org.testng.SuiteRunner.runSequentially(SuiteRunner.java:382)
	at org.testng.SuiteRunner.privateRun(SuiteRunner.java:340)
	at org.testng.SuiteRunner.run(SuiteRunner.java:289)
	at org.testng.SuiteRunnerWorker.runSuite(SuiteRunnerWorker.java:52)
	at org.testng.SuiteRunnerWorker.run(SuiteRunnerWorker.java:86)
	at org.testng.TestNG.runSuitesSequentially(TestNG.java:1293)
	at org.testng.TestNG.runSuitesLocally(TestNG.java:1218)
	at org.testng.TestNG.runSuites(TestNG.java:1133)
	at org.testng.TestNG.run(TestNG.java:1104)
	at org.testng.remote.AbstractRemoteTestNG.run(AbstractRemoteTestNG.java:115)
	at org.testng.remote.RemoteTestNG.initAndRun(RemoteTestNG.java:251)
	at org.testng.remote.RemoteTestNG.main(RemoteTestNG.java:77)
]]>
    </failure>
  </testcase> <!-- @BeforeTest beforeTest -->
  <testcase classname="com.securion.tests.RetirementCalculatorTest" name="@AfterTest beforeTest" time="0.0">
    <skipped/>
  </testcase> <!-- @AfterTest beforeTest -->
  <testcase classname="com.securion.tests.RetirementCalculatorTest" name="calcWithAdjValues" time="0.005">
    <skipped/>
  </testcase> <!-- calcWithAdjValues -->
  <testcase classname="com.securion.tests.RetirementCalculatorTest" name="defaultCalculatorValues" time="0.0">
    <ignored/>
  </testcase> <!-- defaultCalculatorValues -->
  <testcase classname="com.securion.tests.RetirementCalculatorTest" name="socialBenefitsToggle" time="0.0">
    <ignored/>
  </testcase> <!-- socialBenefitsToggle -->
  <testcase classname="com.securion.tests.RetirementCalculatorTest" name="calcWithoutSocialBenefits" time="0.0">
    <ignored/>
  </testcase> <!-- calcWithoutSocialBenefits -->
</testsuite> <!-- Default test -->
